[INFO] Scanning for projects...
[INFO] 
[INFO] --------------------< com.evsales:ev-sales-system >---------------------
[INFO] Building ev-sales-system 1.0.0
[INFO]   from pom.xml
[INFO] --------------------------------[ jar ]---------------------------------
[INFO] 
[INFO] >>> spring-boot:2.7.18:run (default-cli) > test-compile @ ev-sales-system >>>
[INFO] 
[INFO] --- resources:3.2.0:resources (default-resources) @ ev-sales-system ---
[INFO] Using 'UTF-8' encoding to copy filtered resources.
[INFO] Using 'UTF-8' encoding to copy filtered properties files.
[INFO] Copying 3 resources
[INFO] Copying 2 resources
[INFO] 
[INFO] --- compiler:3.10.1:compile (default-compile) @ ev-sales-system ---
[INFO] Nothing to compile - all classes are up to date
[INFO] 
[INFO] --- resources:3.2.0:testResources (default-testResources) @ ev-sales-system ---
[INFO] Using 'UTF-8' encoding to copy filtered resources.
[INFO] Using 'UTF-8' encoding to copy filtered properties files.
[INFO] skip non existing resourceDirectory /workspaces/ev-sales-system/src/test/resources
[INFO] 
[INFO] --- compiler:3.10.1:testCompile (default-testCompile) @ ev-sales-system ---
[INFO] No sources to compile
[INFO] 
[INFO] <<< spring-boot:2.7.18:run (default-cli) < test-compile @ ev-sales-system <<<
[INFO] 
[INFO] 
[INFO] --- spring-boot:2.7.18:run (default-cli) @ ev-sales-system ---
[INFO] Attaching agents: []
==================================
ðŸš— æ–°èƒ½æºæ±½è½¦é”€å”®ç³»ç»Ÿ
==================================

  .   ____          _            __ _ _
 /\\ / ___'_ __ _ _(_)_ __  __ _ \ \ \ \
( ( )\___ | '_ | '_| | '_ \/ _` | \ \ \ \
 \\/  ___)| |_)| | | | | || (_| |  ) ) ) )
  '  |____| .__|_| |_|_| |_\__, | / / / /
 =========|_|==============|___/=/_/_/_/
 :: Spring Boot ::               (v2.7.18)

2026-02-01 16:50:44.094  INFO 51228 --- [           main] com.evsales.Application                  : Starting Application using Java 17.0.18 on codespaces-91ff7d with PID 51228 (/workspaces/ev-sales-system/target/classes started by vscode in /workspaces/ev-sales-system)
2026-02-01 16:50:44.096 DEBUG 51228 --- [           main] com.evsales.Application                  : Running with Spring Boot v2.7.18, Spring v5.3.31
2026-02-01 16:50:44.096  INFO 51228 --- [           main] com.evsales.Application                  : No active profile set, falling back to 1 default profile: "default"
2026-02-01 16:50:44.956  INFO 51228 --- [           main] o.s.b.w.embedded.tomcat.TomcatWebServer  : Tomcat initialized with port(s): 8080 (http)
2026-02-01 16:50:44.964  INFO 51228 --- [           main] o.apache.catalina.core.StandardService   : Starting service [Tomcat]
2026-02-01 16:50:44.964  INFO 51228 --- [           main] org.apache.catalina.core.StandardEngine  : Starting Servlet engine: [Apache Tomcat/9.0.83]
2026-02-01 16:50:45.029  INFO 51228 --- [           main] o.a.c.c.C.[Tomcat].[localhost].[/]       : Initializing Spring embedded WebApplicationContext
2026-02-01 16:50:45.029  INFO 51228 --- [           main] w.s.c.ServletWebServerApplicationContext : Root WebApplicationContext: initialization completed in 875 ms
2026-02-01 16:50:45.098  INFO 51228 --- [           main] com.zaxxer.hikari.HikariDataSource       : HikariPool-1 - Starting...
2026-02-01 16:50:45.260  INFO 51228 --- [           main] com.zaxxer.hikari.HikariDataSource       : HikariPool-1 - Start completed.
2026-02-01 16:50:45.632  INFO 51228 --- [           main] o.s.b.w.embedded.tomcat.TomcatWebServer  : Tomcat started on port(s): 8080 (http) with context path ''
2026-02-01 16:50:45.640  INFO 51228 --- [           main] com.evsales.Application                  : Started Application in 1.926 seconds (JVM running for 2.212)
2026-02-01 16:50:49.506  INFO 51228 --- [nio-8080-exec-1] o.a.c.c.C.[Tomcat].[localhost].[/]       : Initializing Spring DispatcherServlet 'dispatcherServlet'
2026-02-01 16:50:49.506  INFO 51228 --- [nio-8080-exec-1] o.s.web.servlet.DispatcherServlet        : Initializing Servlet 'dispatcherServlet'
2026-02-01 16:50:49.507  INFO 51228 --- [nio-8080-exec-1] o.s.web.servlet.DispatcherServlet        : Completed initialization in 1 ms
2026-02-01 16:50:49.572  INFO 51228 --- [ionShutdownHook] com.zaxxer.hikari.HikariDataSource       : HikariPool-1 - Shutdown initiated...
2026-02-01 16:50:49.574  INFO 51228 --- [ionShutdownHook] com.zaxxer.hikari.HikariDataSource       : HikariPool-1 - Shutdown completed.
